<?xml version="1.0" encoding="UTF-8"?>
<testng-results skipped="0" failed="1" total="2" passed="1">
  <reporter-output>
    <line>
      <![CDATA[cadastrado com sucesso]]>
    </line>
    <line>
      <![CDATA[ChromeDriver fechado com sucesso.]]>
    </line>
    <line>
      <![CDATA[Teste concluído com sucesso]]>
    </line>
    <line>
      <![CDATA[cadastrado com sucesso]]>
    </line>
    <line>
      <![CDATA[ChromeDriver fechado com sucesso.]]>
    </line>
    <line>
      <![CDATA[Teste concluído com sucesso]]>
    </line>
  </reporter-output>
  <suite name="Default suite" duration-ms="33319" started-at="2020-01-28T20:30:36Z" finished-at="2020-01-28T20:31:09Z">
    <groups>
    </groups>
    <test name="Default test" duration-ms="33319" started-at="2020-01-28T20:30:36Z" finished-at="2020-01-28T20:31:09Z">
      <class name="br.com.rsinet.hub_tdd.provaTDD.automationFramework.Testecadastro">
        <test-method status="PASS" signature="iniciaNavegadorESite()[pri:0, instance:br.com.rsinet.hub_tdd.provaTDD.automationFramework.Testecadastro@59f99ea]" name="iniciaNavegadorESite" is-config="true" duration-ms="9935" started-at="2020-01-28T17:30:36Z" finished-at="2020-01-28T17:30:46Z">
          <reporter-output>
          </reporter-output>
        </test-method> <!-- iniciaNavegadorESite -->
        <test-method status="FAIL" signature="loga()[pri:0, instance:br.com.rsinet.hub_tdd.provaTDD.automationFramework.Testecadastro@59f99ea]" name="loga" duration-ms="6756" started-at="2020-01-28T17:30:46Z" finished-at="2020-01-28T17:30:53Z">
          <exception class="java.lang.AssertionError">
            <message>
              <![CDATA[expected:<http://advantageonlineshopping.com/#/register> but was:<http://advantageonlineshopping.com/#/>]]>
            </message>
            <full-stacktrace>
              <![CDATA[java.lang.AssertionError: expected:<http://advantageonlineshopping.com/#/register> but was:<http://advantageonlineshopping.com/#/>
	at org.testng.AssertJUnit.assertEquals(AssertJUnit.java:101)
	at org.testng.AssertJUnit.assertEquals(AssertJUnit.java:108)
	at br.com.rsinet.hub_tdd.provaTDD.automationFramework.Testecadastro.loga(Testecadastro.java:56)
	at sun.reflect.NativeMethodAccessorImpl.invoke0(Native Method)
	at sun.reflect.NativeMethodAccessorImpl.invoke(NativeMethodAccessorImpl.java:62)
	at sun.reflect.DelegatingMethodAccessorImpl.invoke(DelegatingMethodAccessorImpl.java:43)
	at java.lang.reflect.Method.invoke(Method.java:498)
	at org.testng.internal.MethodInvocationHelper.invokeMethod(MethodInvocationHelper.java:84)
	at org.testng.internal.Invoker.invokeMethod(Invoker.java:714)
	at org.testng.internal.Invoker.invokeTestMethod(Invoker.java:901)
	at org.testng.internal.Invoker.invokeTestMethods(Invoker.java:1231)
	at org.testng.internal.TestMethodWorker.invokeTestMethods(TestMethodWorker.java:127)
	at org.testng.internal.TestMethodWorker.run(TestMethodWorker.java:111)
	at org.testng.TestRunner.privateRun(TestRunner.java:767)
	at org.testng.TestRunner.run(TestRunner.java:617)
	at org.testng.SuiteRunner.runTest(SuiteRunner.java:348)
	at org.testng.SuiteRunner.runSequentially(SuiteRunner.java:343)
	at org.testng.SuiteRunner.privateRun(SuiteRunner.java:305)
	at org.testng.SuiteRunner.run(SuiteRunner.java:254)
	at org.testng.SuiteRunnerWorker.runSuite(SuiteRunnerWorker.java:52)
	at org.testng.SuiteRunnerWorker.run(SuiteRunnerWorker.java:86)
	at org.testng.TestNG.runSuitesSequentially(TestNG.java:1224)
	at org.testng.TestNG.runSuitesLocally(TestNG.java:1149)
	at org.testng.TestNG.run(TestNG.java:1057)
	at org.testng.remote.AbstractRemoteTestNG.run(AbstractRemoteTestNG.java:115)
	at org.testng.remote.RemoteTestNG.initAndRun(RemoteTestNG.java:251)
	at org.testng.remote.RemoteTestNG.main(RemoteTestNG.java:77)
]]>
            </full-stacktrace>
          </exception> <!-- java.lang.AssertionError -->
          <reporter-output>
            <line>
              <![CDATA[cadastrado com sucesso]]>
            </line>
          </reporter-output>
        </test-method> <!-- loga -->
        <test-method status="PASS" signature="encerraNavegador()[pri:0, instance:br.com.rsinet.hub_tdd.provaTDD.automationFramework.Testecadastro@59f99ea]" name="encerraNavegador" is-config="true" duration-ms="58" started-at="2020-01-28T17:30:53Z" finished-at="2020-01-28T17:30:53Z">
          <reporter-output>
            <line>
              <![CDATA[ChromeDriver fechado com sucesso.]]>
            </line>
            <line>
              <![CDATA[Teste concluído com sucesso]]>
            </line>
          </reporter-output>
        </test-method> <!-- encerraNavegador -->
        <test-method status="PASS" signature="iniciaNavegadorESite()[pri:0, instance:br.com.rsinet.hub_tdd.provaTDD.automationFramework.Testecadastro@59f99ea]" name="iniciaNavegadorESite" is-config="true" duration-ms="9196" started-at="2020-01-28T17:30:53Z" finished-at="2020-01-28T17:31:02Z">
          <reporter-output>
          </reporter-output>
        </test-method> <!-- iniciaNavegadorESite -->
        <test-method status="PASS" signature="logaerro()[pri:0, instance:br.com.rsinet.hub_tdd.provaTDD.automationFramework.Testecadastro@59f99ea]" name="logaerro" duration-ms="7305" started-at="2020-01-28T17:31:02Z" finished-at="2020-01-28T17:31:09Z">
          <reporter-output>
            <line>
              <![CDATA[cadastrado com sucesso]]>
            </line>
          </reporter-output>
        </test-method> <!-- logaerro -->
        <test-method status="PASS" signature="encerraNavegador()[pri:0, instance:br.com.rsinet.hub_tdd.provaTDD.automationFramework.Testecadastro@59f99ea]" name="encerraNavegador" is-config="true" duration-ms="58" started-at="2020-01-28T17:31:09Z" finished-at="2020-01-28T17:31:09Z">
          <reporter-output>
            <line>
              <![CDATA[ChromeDriver fechado com sucesso.]]>
            </line>
            <line>
              <![CDATA[Teste concluído com sucesso]]>
            </line>
          </reporter-output>
        </test-method> <!-- encerraNavegador -->
      </class> <!-- br.com.rsinet.hub_tdd.provaTDD.automationFramework.Testecadastro -->
    </test> <!-- Default test -->
  </suite> <!-- Default suite -->
</testng-results>
